Starting dummy training...
Arguments received:
  Output Directory: /home/ubuntu/ai_tool_experiments/11_test/output
  Epochs: 10
  Learning Rate: 0.001
  Data Directory: /home/ubuntu/dataset/thermal
Epoch 1/10 starting...
Epoch 1/10 completed. Dummy loss: 1.0000
Epoch 2/10 starting...
Epoch 2/10 completed. Dummy loss: 0.5000
Epoch 3/10 starting...
Epoch 3/10 completed. Dummy loss: 0.3333
Epoch 4/10 starting...
Epoch 4/10 completed. Dummy loss: 0.2500
Epoch 5/10 starting...
Epoch 5/10 completed. Dummy loss: 0.2000
Epoch 6/10 starting...
Epoch 6/10 completed. Dummy loss: 0.1667
Epoch 7/10 starting...
Epoch 7/10 completed. Dummy loss: 0.1429
Epoch 8/10 starting...
Epoch 8/10 completed. Dummy loss: 0.1250
Epoch 9/10 starting...
Epoch 9/10 completed. Dummy loss: 0.1111
Epoch 10/10 starting...
Epoch 10/10 completed. Dummy loss: 0.1000
Dummy model saved to /home/ubuntu/ai_tool_experiments/11_test/output/dummy_model.pth
Dummy training finished successfully.
